<?xml version="1.0" encoding="UTF-8"?>
<testng-results ignored="0" total="1" passed="1" failed="0" skipped="0">
  <reporter-output>
  </reporter-output>
  <suite started-at="2025-07-19T15:11:17 IST" name="Default suite" finished-at="2025-07-19T15:11:20 IST" duration-ms="2587">
    <groups>
    </groups>
    <test started-at="2025-07-19T15:11:17 IST" name="Default test" finished-at="2025-07-19T15:11:20 IST" duration-ms="2587">
      <class name="com.api.testing.SampleGetTest">
        <test-method signature="getUserList()[pri:0, instance:com.api.testing.SampleGetTest@702b8b12]" started-at="2025-07-19T15:11:18 IST" name="getUserList" finished-at="2025-07-19T15:11:20 IST" duration-ms="2501" status="PASS">
          <reporter-output>
          </reporter-output>
        </test-method> <!-- getUserList -->
      </class> <!-- com.api.testing.SampleGetTest -->
    </test> <!-- Default test -->
  </suite> <!-- Default suite -->
</testng-results>
