<?xml version="1.0" encoding="UTF-8"?>
<testng-results ignored="0" total="1" passed="1" failed="0" skipped="0">
  <reporter-output>
  </reporter-output>
  <suite started-at="2025-08-01T15:14:39 IST" name="Default suite" finished-at="2025-08-01T15:14:46 IST" duration-ms="6940">
    <groups>
    </groups>
    <test started-at="2025-08-01T15:14:39 IST" name="Default test" finished-at="2025-08-01T15:14:46 IST" duration-ms="6940">
      <class name="com.tests.LoginTest">
        <test-method is-config="true" signature="setUp()[pri:0, instance:com.tests.LoginTest@644baf4a]" started-at="2025-08-01T15:14:39 IST" name="setUp" finished-at="2025-08-01T15:14:46 IST" duration-ms="6552" status="PASS">
          <reporter-output>
          </reporter-output>
        </test-method> <!-- setUp -->
        <test-method signature="verifyLoginPageTitle()[pri:0, instance:com.tests.LoginTest@644baf4a]" started-at="2025-08-01T15:14:46 IST" name="verifyLoginPageTitle" finished-at="2025-08-01T15:14:46 IST" duration-ms="31" status="PASS">
          <reporter-output>
          </reporter-output>
        </test-method> <!-- verifyLoginPageTitle -->
        <test-method is-config="true" signature="tearDown()[pri:0, instance:com.tests.LoginTest@644baf4a]" started-at="2025-08-01T15:14:46 IST" name="tearDown" finished-at="2025-08-01T15:14:46 IST" duration-ms="311" status="PASS">
          <reporter-output>
          </reporter-output>
        </test-method> <!-- tearDown -->
      </class> <!-- com.tests.LoginTest -->
    </test> <!-- Default test -->
  </suite> <!-- Default suite -->
</testng-results>
